#
# A fatal error has been detected by the Java Runtime Environment:
#
#  EXCEPTION_ACCESS_VIOLATION (0xc0000005) at pc=0x000000005b0da6eb, pid=17220, tid=0x000000000000292c
#
# JRE version: Java(TM) SE Runtime Environment (8.0_191-b12) (build 1.8.0_191-b12)
# Java VM: Java HotSpot(TM) 64-Bit Server VM (25.191-b12 mixed mode windows-amd64 compressed oops)
# Problematic frame:
# V  [jvm.dll+0x14a6eb]
#
# Failed to write core dump. Minidumps are not enabled by default on client versions of Windows
#
# If you would like to submit a bug report, please visit:
#   http://bugreport.java.com/bugreport/crash.jsp
#

---------------  T H R E A D  ---------------

Current thread (0x0000000003527000):  JavaThread "main" [_thread_in_vm, id=10540, stack(0x00000000033f0000,0x00000000034f0000)]

siginfo: ExceptionCode=0xc0000005, reading address 0x0000000000000000

Registers:
RAX=0x000000002fd4b458, RBX=0x00000007c0588680, RCX=0x0000000000000002, RDX=0x000000002fd4b450
RSP=0x00000000034ea360, RBP=0x0000000000000006, RSI=0x00000000035271f8, RDI=0x0000000003527000
R8 =0x0000000000000004, R9 =0x0000000000000000, R10=0x000000000000020e, R11=0x00000000035279b8
R12=0x0000000000000000, R13=0x00000000034ea468, R14=0x00000000034ea5d8, R15=0x0000000003527000
RIP=0x000000005b0da6eb, EFLAGS=0x0000000000010206

Top of Stack: (sp=0x00000000034ea360)
0x00000000034ea360:   00000000035271f8 00000007c0588680
0x00000000034ea370:   0000000000000006 0000000003527000
0x00000000034ea380:   0000000000000001 00000007c0588680
0x00000000034ea390:   0000000003524540 000000005b1a8465
0x00000000034ea3a0:   0000000003524540 000000005acefff0
0x00000000034ea3b0:   0000000003527000 0000000000000000
0x00000000034ea3c0:   000000002866cae0 000000005b1a79dc
0x00000000034ea3d0:   000000002fd4b450 0000000003524540
0x00000000034ea3e0:   000000002fd4b450 0000000037d36401
0x00000000034ea3f0:   0000000003527000 000000005b0cecc2
0x00000000034ea400:   0000000036778168 0000000000000005
0x00000000034ea410:   000000002fd4b450 000000005ac59df4
0x00000000034ea420:   0000000000000006 00000000035271f8
0x00000000034ea430:   0000000000000005 0000000036778168
0x00000000034ea440:   000000002fd4b450 000000005ac5cb34
0x00000000034ea450:   00000000035271f8 0000000000000006 

Instructions: (pc=0x000000005b0da6eb)
0x000000005b0da6cb:   cf e8 0f 04 0e 00 33 c0 e9 dd 01 00 00 48 8b d0
0x000000005b0da6db:   48 8b ce 48 89 ac 24 c0 00 00 00 e8 55 d2 0c 00
0x000000005b0da6eb:   49 8b 0c 24 c7 44 24 40 0e 00 00 00 48 8b 51 08
0x000000005b0da6fb:   48 8b e8 0f b7 4a 24 48 8b 52 08 48 8b 54 ca 50 


Register to memory mapping:

RAX=0x000000002fd4b458 is an unknown value
RBX=0x00000007c0588680 is pointing into metadata
RCX=0x0000000000000002 is an unknown value
RDX=0x000000002fd4b450 is an unknown value
RSP=0x00000000034ea360 is pointing into the stack for thread: 0x0000000003527000
RBP=0x0000000000000006 is an unknown value
RSI=0x00000000035271f8 is an unknown value
RDI=0x0000000003527000 is a thread
R8 =0x0000000000000004 is an unknown value
R9 =0x0000000000000000 is an unknown value
R10=0x000000000000020e is an unknown value
R11=0x00000000035279b8 is an unknown value
R12=0x0000000000000000 is an unknown value
R13=0x00000000034ea468 is pointing into the stack for thread: 0x0000000003527000
R14=0x00000000034ea5d8 is pointing into the stack for thread: 0x0000000003527000
R15=0x0000000003527000 is a thread


Stack: [0x00000000033f0000,0x00000000034f0000],  sp=0x00000000034ea360,  free space=1000k
Native frames: (J=compiled Java code, j=interpreted, Vv=VM code, C=native code)
V  [jvm.dll+0x14a6eb]
C  [awt.dll+0x69df4]
C  [awt.dll+0x6cb34]
C  [awt.dll+0x6cbf2]
C  0x00000000037b8c67

Java frames: (J=compiled Java code, j=interpreted, Vv=VM code)
j  sun.awt.windows.ThemeReader.getThemeMargins(JIII)Ljava/awt/Insets;+0
j  sun.awt.windows.ThemeReader.getThemeMargins(Ljava/lang/String;III)Ljava/awt/Insets;+18
j  com.sun.java.swing.plaf.windows.XPStyle.getMargin(Ljava/awt/Component;Lcom/sun/java/swing/plaf/windows/TMSchema$Part;Lcom/sun/java/swing/plaf/windows/TMSchema$State;Lcom/sun/java/swing/plaf/windows/TMSchema$Prop;)Ljava/awt/Insets;+19
j  com.sun.java.swing.plaf.windows.XPStyle.getBorder(Ljava/awt/Component;Lcom/sun/java/swing/plaf/windows/TMSchema$Part;)Ljavax/swing/border/Border;+169
j  com.sun.java.swing.plaf.windows.WindowsLookAndFeel$XPBorderValue.getXPValue(Ljavax/swing/UIDefaults;)Ljava/lang/Object;+17
j  com.sun.java.swing.plaf.windows.WindowsLookAndFeel$XPValue.createValue(Ljavax/swing/UIDefaults;)Ljava/lang/Object;+10
J 4094 C1 javax.swing.UIDefaults.getFromHashtable(Ljava/lang/Object;)Ljava/lang/Object; (239 bytes) @ 0x00000000049291bc [0x0000000004927e00+0x13bc]
j  javax.swing.UIDefaults.get(Ljava/lang/Object;)Ljava/lang/Object;+2
j  javax.swing.MultiUIDefaults.get(Ljava/lang/Object;)Ljava/lang/Object;+45
j  javax.swing.UIDefaults.getBorder(Ljava/lang/Object;)Ljavax/swing/border/Border;+2
j  javax.swing.UIManager.getBorder(Ljava/lang/Object;)Ljavax/swing/border/Border;+4
j  javax.swing.LookAndFeel.installBorder(Ljavax/swing/JComponent;Ljava/lang/String;)V+18
j  javax.swing.plaf.basic.BasicButtonUI.installDefaults(Ljavax/swing/AbstractButton;)V+183
j  com.sun.java.swing.plaf.windows.WindowsButtonUI.installDefaults(Ljavax/swing/AbstractButton;)V+2
j  javax.swing.plaf.basic.BasicButtonUI.installUI(Ljavax/swing/JComponent;)V+5
j  javax.swing.JComponent.setUI(Ljavax/swing/plaf/ComponentUI;)V+39
j  javax.swing.AbstractButton.setUI(Ljavax/swing/plaf/ButtonUI;)V+2
j  javax.swing.JButton.updateUI()V+8
j  javax.swing.AbstractButton.init(Ljava/lang/String;Ljavax/swing/Icon;)V+19
j  javax.swing.JButton.<init>(Ljava/lang/String;Ljavax/swing/Icon;)V+18
j  javax.swing.JButton.<init>(Ljava/lang/String;)V+3
j  com.sun.deploy.panel.TreeRenderers$1.<init>()V+92
j  com.sun.deploy.panel.TreeRenderers.<clinit>()V+4
v  ~StubRoutines::call_stub
J 727  java.lang.Class.forName0(Ljava/lang/String;ZLjava/lang/ClassLoader;Ljava/lang/Class;)Ljava/lang/Class; (0 bytes) @ 0x0000000003c04747 [0x0000000003c046c0+0x87]
J 3315 C2 java.lang.Class.forName(Ljava/lang/String;ZLjava/lang/ClassLoader;)Ljava/lang/Class; (53 bytes) @ 0x000000000439b608 [0x000000000439b5e0+0x28]
J 3825 C1 org.apache.ibatis.io.ClassLoaderWrapper.classForName(Ljava/lang/String;[Ljava/lang/ClassLoader;)Ljava/lang/Class; (84 bytes) @ 0x000000000480bd24 [0x000000000480bc00+0x124]
J 3822 C1 org.apache.ibatis.io.Resources.classForName(Ljava/lang/String;)Ljava/lang/Class; (8 bytes) @ 0x00000000047aadd4 [0x00000000047aaca0+0x134]
j  org.mybatis.spring.SqlSessionFactoryBean.scanClasses(Ljava/lang/String;Ljava/lang/Class;)Ljava/util/Set;+130
j  org.mybatis.spring.SqlSessionFactoryBean.buildSqlSessionFactory()Lorg/apache/ibatis/session/SqlSessionFactory;+212
j  org.mybatis.spring.SqlSessionFactoryBean.afterPropertiesSet()V+58
j  org.mybatis.spring.SqlSessionFactoryBean.getObject()Lorg/apache/ibatis/session/SqlSessionFactory;+8
j  org.mybatis.spring.boot.autoconfigure.MybatisAutoConfiguration.sqlSessionFactory(Ljavax/sql/DataSource;)Lorg/apache/ibatis/session/SqlSessionFactory;+340
j  org.mybatis.spring.boot.autoconfigure.MybatisAutoConfiguration$$EnhancerBySpringCGLIB$$a3395bbb.CGLIB$sqlSessionFactory$2(Ljavax/sql/DataSource;)Lorg/apache/ibatis/session/SqlSessionFactory;+2
j  org.mybatis.spring.boot.autoconfigure.MybatisAutoConfiguration$$EnhancerBySpringCGLIB$$a3395bbb$$FastClassBySpringCGLIB$$f5efbd3.invoke(ILjava/lang/Object;[Ljava/lang/Object;)Ljava/lang/Object;+163
j  org.springframework.cglib.proxy.MethodProxy.invokeSuper(Ljava/lang/Object;[Ljava/lang/Object;)Ljava/lang/Object;+19
j  org.springframework.context.annotation.ConfigurationClassEnhancer$BeanMethodInterceptor.intercept(Ljava/lang/Object;Ljava/lang/reflect/Method;[Ljava/lang/Object;Lorg/springframework/cglib/proxy/MethodProxy;)Ljava/lang/Object;+207
j  org.mybatis.spring.boot.autoconfigure.MybatisAutoConfiguration$$EnhancerBySpringCGLIB$$a3395bbb.sqlSessionFactory(Ljavax/sql/DataSource;)Lorg/apache/ibatis/session/SqlSessionFactory;+36
v  ~StubRoutines::call_stub
J 1974  sun.reflect.NativeMethodAccessorImpl.invoke0(Ljava/lang/reflect/Method;Ljava/lang/Object;[Ljava/lang/Object;)Ljava/lang/Object; (0 bytes) @ 0x0000000003fae9ff [0x0000000003fae980+0x7f]
J 1973 C1 sun.reflect.NativeMethodAccessorImpl.invoke(Ljava/lang/Object;[Ljava/lang/Object;)Ljava/lang/Object; (104 bytes) @ 0x0000000003fb007c [0x0000000003faee80+0x11fc]
J 1883 C1 sun.reflect.DelegatingMethodAccessorImpl.invoke(Ljava/lang/Object;[Ljava/lang/Object;)Ljava/lang/Object; (10 bytes) @ 0x0000000003f6db8c [0x0000000003f6da80+0x10c]
J 1882 C1 java.lang.reflect.Method.invoke(Ljava/lang/Object;[Ljava/lang/Object;)Ljava/lang/Object; (62 bytes) @ 0x0000000003f6e334 [0x0000000003f6df40+0x3f4]
j  org.springframework.beans.factory.support.SimpleInstantiationStrategy.instantiate(Lorg/springframework/beans/factory/support/RootBeanDefinition;Ljava/lang/String;Lorg/springframework/beans/factory/BeanFactory;Ljava/lang/Object;Ljava/lang/reflect/Method;[Ljava/lang/Object;)Ljava/lang/Object;+50
j  org.springframework.beans.factory.support.ConstructorResolver.instantiate(Ljava/lang/String;Lorg/springframework/beans/factory/support/RootBeanDefinition;Ljava/lang/Object;Ljava/lang/reflect/Method;[Ljava/lang/Object;)Ljava/lang/Object;+48
j  org.springframework.beans.factory.support.ConstructorResolver.instantiateUsingFactoryMethod(Ljava/lang/String;Lorg/springframework/beans/factory/support/RootBeanDefinition;[Ljava/lang/Object;)Lorg/springframework/beans/BeanWrapper;+1535
j  org.springframework.beans.factory.support.AbstractAutowireCapableBeanFactory.instantiateUsingFactoryMethod(Ljava/lang/String;Lorg/springframework/beans/factory/support/RootBeanDefinition;[Ljava/lang/Object;)Lorg/springframework/beans/BeanWrapper;+11
j  org.springframework.beans.factory.support.AbstractAutowireCapableBeanFactory.createBeanInstance(Ljava/lang/String;Lorg/springframework/beans/factory/support/RootBeanDefinition;[Ljava/lang/Object;)Lorg/springframework/beans/BeanWrapper;+102
j  org.springframework.beans.factory.support.AbstractAutowireCapableBeanFactory.doCreateBean(Ljava/lang/String;Lorg/springframework/beans/factory/support/RootBeanDefinition;[Ljava/lang/Object;)Ljava/lang/Object;+34
j  org.springframework.beans.factory.support.AbstractAutowireCapableBeanFactory.createBean(Ljava/lang/String;Lorg/springframework/beans/factory/support/RootBeanDefinition;[Ljava/lang/Object;)Ljava/lang/Object;+169
j  org.springframework.beans.factory.support.AbstractBeanFactory.lambda$doGetBean$0(Ljava/lang/String;Lorg/springframework/beans/factory/support/RootBeanDefinition;[Ljava/lang/Object;)Ljava/lang/Object;+4
j  org.springframework.beans.factory.support.AbstractBeanFactory$$Lambda$470.getObject()Ljava/lang/Object;+16
j  org.springframework.beans.factory.support.DefaultSingletonBeanRegistry.getSingleton(Ljava/lang/String;Lorg/springframework/beans/factory/ObjectFactory;)Ljava/lang/Object;+132
J 2380 C1 org.springframework.beans.factory.support.AbstractBeanFactory.doGetBean(Ljava/lang/String;Ljava/lang/Class;[Ljava/lang/Object;Z)Ljava/lang/Object; (952 bytes) @ 0x0000000004115c14 [0x0000000004113960+0x22b4]
j  org.springframework.beans.factory.support.AbstractBeanFactory.getBean(Ljava/lang/String;)Ljava/lang/Object;+5
j  org.springframework.beans.factory.support.DefaultListableBeanFactory.preInstantiateSingletons()V+248
j  org.springframework.context.support.AbstractApplicationContext.finishBeanFactoryInitialization(Lorg/springframework/beans/factory/config/ConfigurableListableBeanFactory;)V+124
j  org.springframework.context.support.AbstractApplicationContext.refresh()V+86
j  org.springframework.boot.SpringApplication.refresh(Lorg/springframework/context/ConfigurableApplicationContext;)V+1
j  org.springframework.boot.SpringApplication.refresh(Lorg/springframework/context/ApplicationContext;)V+12
j  org.springframework.boot.SpringApplication.refreshContext(Lorg/springframework/context/ConfigurableApplicationContext;)V+19
j  org.springframework.boot.SpringApplication.run([Ljava/lang/String;)Lorg/springframework/context/ConfigurableApplicationContext;+111
j  org.springframework.boot.test.context.SpringBootContextLoader.loadContext(Lorg/springframework/test/context/MergedContextConfiguration;)Lorg/springframework/context/ApplicationContext;+268
j  org.springframework.test.context.cache.DefaultCacheAwareContextLoaderDelegate.loadContextInternal(Lorg/springframework/test/context/MergedContextConfiguration;)Lorg/springframework/context/ApplicationContext;+27
j  org.springframework.test.context.cache.DefaultCacheAwareContextLoaderDelegate.loadContext(Lorg/springframework/test/context/MergedContextConfiguration;)Lorg/springframework/context/ApplicationContext;+24
j  org.springframework.test.context.support.DefaultTestContext.getApplicationContext()Lorg/springframework/context/ApplicationContext;+8
j  org.springframework.test.context.web.ServletTestExecutionListener.setUpRequestContextIfNecessary(Lorg/springframework/test/context/TestContext;)V+18
j  org.springframework.test.context.web.ServletTestExecutionListener.prepareTestInstance(Lorg/springframework/test/context/TestContext;)V+2
j  org.springframework.test.context.TestContextManager.prepareTestInstance(Ljava/lang/Object;)V+89
j  org.springframework.test.context.junit.jupiter.SpringExtension.postProcessTestInstance(Ljava/lang/Object;Lorg/junit/jupiter/api/extension/ExtensionContext;)V+10
j  org.junit.jupiter.engine.descriptor.ClassBasedTestDescriptor.lambda$invokeTestInstancePostProcessors$6(Lorg/junit/jupiter/api/extension/TestInstancePostProcessor;Ljava/lang/Object;Lorg/junit/jupiter/api/extension/ExtensionContext;)V+3
j  org.junit.jupiter.engine.descriptor.ClassBasedTestDescriptor$$Lambda$337.execute()V+12
j  org.junit.jupiter.engine.descriptor.ClassBasedTestDescriptor.executeAndMaskThrowable(Lorg/junit/jupiter/api/function/Executable;)V+1
j  org.junit.jupiter.engine.descriptor.ClassBasedTestDescriptor.lambda$invokeTestInstancePostProcessors$7(Ljava/lang/Object;Lorg/junit/jupiter/api/extension/ExtensionContext;Lorg/junit/jupiter/api/extension/TestInstancePostProcessor;)V+9
j  org.junit.jupiter.engine.descriptor.ClassBasedTestDescriptor$$Lambda$336.accept(Ljava/lang/Object;)V+16
j  java.util.stream.StreamSpliterators$WrappingSpliterator$$Lambda$110.accept(Ljava/lang/Object;)V+5
j  java.util.stream.ReferencePipeline$3$1.accept(Ljava/lang/Object;)V+17
j  java.util.stream.ReferencePipeline$2$1.accept(Ljava/lang/Object;)V+21
j  java.util.ArrayList$ArrayListSpliterator.forEachRemaining(Ljava/util/function/Consumer;)V+99
j  java.util.stream.AbstractPipeline.copyInto(Ljava/util/stream/Sink;Ljava/util/Spliterator;)V+32
j  java.util.stream.AbstractPipeline.wrapAndCopyInto(Ljava/util/stream/Sink;Ljava/util/Spliterator;)Ljava/util/stream/Sink;+13
j  java.util.stream.StreamSpliterators$WrappingSpliterator.forEachRemaining(Ljava/util/function/Consumer;)V+42
j  java.util.stream.Streams$ConcatSpliterator.forEachRemaining(Ljava/util/function/Consumer;)V+22
j  java.util.stream.Streams$ConcatSpliterator.forEachRemaining(Ljava/util/function/Consumer;)V+12
j  java.util.stream.ReferencePipeline$Head.forEach(Ljava/util/function/Consumer;)V+12
j  org.junit.jupiter.engine.descriptor.ClassBasedTestDescriptor.invokeTestInstancePostProcessors(Ljava/lang/Object;Lorg/junit/jupiter/engine/extension/ExtensionRegistry;Lorg/junit/jupiter/api/extension/ExtensionContext;)V+16
j  org.junit.jupiter.engine.descriptor.ClassBasedTestDescriptor.lambda$instantiateAndPostProcessTestInstance$4(Lorg/junit/jupiter/api/extension/TestInstances;Lorg/junit/jupiter/engine/extension/ExtensionRegistry;Lorg/junit/jupiter/api/extension/ExtensionContext;Lorg/junit/jupiter/engine/extension/ExtensionRegistrar;)V+9
j  org.junit.jupiter.engine.descriptor.ClassBasedTestDescriptor$$Lambda$335.execute()V+20
j  org.junit.platform.engine.support.hierarchical.ThrowableCollector.execute(Lorg/junit/platform/engine/support/hierarchical/ThrowableCollector$Executable;)V+1
j  org.junit.jupiter.engine.descriptor.ClassBasedTestDescriptor.instantiateAndPostProcessTestInstance(Lorg/junit/jupiter/engine/execution/JupiterEngineExecutionContext;Lorg/junit/jupiter/api/extension/ExtensionContext;Lorg/junit/jupiter/engine/extension/ExtensionRegistry;Lorg/junit/jupiter/engine/extension/ExtensionRegistrar;Lorg/junit/platform/engine/support/hierarchical/ThrowableCollector;)Lorg/junit/jupiter/api/extension/TestInstances;+27
j  org.junit.jupiter.engine.descriptor.ClassBasedTestDescriptor.lambda$testInstancesProvider$2(Lorg/junit/jupiter/engine/execution/JupiterEngineExecutionContext;Lorg/junit/jupiter/engine/descriptor/ClassExtensionContext;Lorg/junit/jupiter/engine/extension/ExtensionRegistry;Lorg/junit/jupiter/engine/extension/ExtensionRegistrar;Lorg/junit/platform/engine/support/hierarchical/ThrowableCollector;)Lorg/junit/jupiter/api/extension/TestInstances;+8
j  org.junit.jupiter.engine.descriptor.ClassBasedTestDescriptor$$Lambda$328.get()Ljava/lang/Object;+24
j  java.util.Optional.orElseGet(Ljava/util/function/Supplier;)Ljava/lang/Object;+15
j  org.junit.jupiter.engine.descriptor.ClassBasedTestDescriptor.lambda$testInstancesProvider$3(Lorg/junit/jupiter/engine/descriptor/ClassExtensionContext;Lorg/junit/jupiter/engine/execution/JupiterEngineExecutionContext;Lorg/junit/jupiter/engine/extension/ExtensionRegistry;Lorg/junit/jupiter/engine/extension/ExtensionRegistrar;Lorg/junit/platform/engine/support/hierarchical/ThrowableCollector;)Lorg/junit/jupiter/api/extension/TestInstances;+17
j  org.junit.jupiter.engine.descriptor.ClassBasedTestDescriptor$$Lambda$245.getTestInstances(Lorg/junit/jupiter/engine/extension/ExtensionRegistry;Lorg/junit/jupiter/engine/extension/ExtensionRegistrar;Lorg/junit/platform/engine/support/hierarchical/ThrowableCollector;)Lorg/junit/jupiter/api/extension/TestInstances;+15
j  org.junit.jupiter.engine.execution.TestInstancesProvider.getTestInstances(Lorg/junit/jupiter/engine/extension/MutableExtensionRegistry;Lorg/junit/platform/engine/support/hierarchical/ThrowableCollector;)Lorg/junit/jupiter/api/extension/TestInstances;+4
j  org.junit.jupiter.engine.descriptor.TestMethodTestDescriptor.lambda$prepare$0(Lorg/junit/jupiter/engine/execution/JupiterEngineExecutionContext;Lorg/junit/jupiter/engine/extension/MutableExtensionRegistry;Lorg/junit/platform/engine/support/hierarchical/ThrowableCollector;Lorg/junit/jupiter/engine/descriptor/MethodExtensionContext;)V+6
j  org.junit.jupiter.engine.descriptor.TestMethodTestDescriptor$$Lambda$327.execute()V+16
j  org.junit.platform.engine.support.hierarchical.ThrowableCollector.execute(Lorg/junit/platform/engine/support/hierarchical/ThrowableCollector$Executable;)V+1
j  org.junit.jupiter.engine.descriptor.TestMethodTestDescriptor.prepare(Lorg/junit/jupiter/engine/execution/JupiterEngineExecutionContext;)Lorg/junit/jupiter/engine/execution/JupiterEngineExecutionContext;+44
j  org.junit.jupiter.engine.descriptor.TestMethodTestDescriptor.prepare(Lorg/junit/platform/engine/support/hierarchical/EngineExecutionContext;)Lorg/junit/platform/engine/support/hierarchical/EngineExecutionContext;+5
j  org.junit.platform.engine.support.hierarchical.NodeTestTask.lambda$prepare$1()V+9
j  org.junit.platform.engine.support.hierarchical.NodeTestTask$$Lambda$198.execute()V+4
j  org.junit.platform.engine.support.hierarchical.ThrowableCollector.execute(Lorg/junit/platform/engine/support/hierarchical/ThrowableCollector$Executable;)V+1
j  org.junit.platform.engine.support.hierarchical.NodeTestTask.prepare()V+10
j  org.junit.platform.engine.support.hierarchical.NodeTestTask.execute()V+17
j  org.junit.platform.engine.support.hierarchical.SameThreadHierarchicalTestExecutorService$$Lambda$213.accept(Ljava/lang/Object;)V+4
j  java.util.ArrayList.forEach(Ljava/util/function/Consumer;)V+47
j  org.junit.platform.engine.support.hierarchical.SameThreadHierarchicalTestExecutorService.invokeAll(Ljava/util/List;)V+6
j  org.junit.platform.engine.support.hierarchical.NodeTestTask.lambda$executeRecursively$5()V+116
j  org.junit.platform.engine.support.hierarchical.NodeTestTask$$Lambda$209.execute()V+4
j  org.junit.platform.engine.support.hierarchical.ThrowableCollector.execute(Lorg/junit/platform/engine/support/hierarchical/ThrowableCollector$Executable;)V+1
j  org.junit.platform.engine.support.hierarchical.NodeTestTask.lambda$executeRecursively$7(Lorg/junit/platform/engine/support/hierarchical/EngineExecutionContext;)V+15
j  org.junit.platform.engine.support.hierarchical.NodeTestTask$$Lambda$208.invoke(Lorg/junit/platform/engine/support/hierarchical/EngineExecutionContext;)V+5
j  org.junit.platform.engine.support.hierarchical.Node.around(Lorg/junit/platform/engine/support/hierarchical/EngineExecutionContext;Lorg/junit/platform/engine/support/hierarchical/Node$Invocation;)V+2
j  org.junit.platform.engine.support.hierarchical.NodeTestTask.lambda$executeRecursively$8()V+14
j  org.junit.platform.engine.support.hierarchical.NodeTestTask$$Lambda$207.execute()V+4
j  org.junit.platform.engine.support.hierarchical.ThrowableCollector.execute(Lorg/junit/platform/engine/support/hierarchical/ThrowableCollector$Executable;)V+1
j  org.junit.platform.engine.support.hierarchical.NodeTestTask.executeRecursively()V+31
j  org.junit.platform.engine.support.hierarchical.NodeTestTask.execute()V+55
j  org.junit.platform.engine.support.hierarchical.SameThreadHierarchicalTestExecutorService$$Lambda$213.accept(Ljava/lang/Object;)V+4
j  java.util.ArrayList.forEach(Ljava/util/function/Consumer;)V+47
j  org.junit.platform.engine.support.hierarchical.SameThreadHierarchicalTestExecutorService.invokeAll(Ljava/util/List;)V+6
j  org.junit.platform.engine.support.hierarchical.NodeTestTask.lambda$executeRecursively$5()V+116
j  org.junit.platform.engine.support.hierarchical.NodeTestTask$$Lambda$209.execute()V+4
j  org.junit.platform.engine.support.hierarchical.ThrowableCollector.execute(Lorg/junit/platform/engine/support/hierarchical/ThrowableCollector$Executable;)V+1
j  org.junit.platform.engine.support.hierarchical.NodeTestTask.lambda$executeRecursively$7(Lorg/junit/platform/engine/support/hierarchical/EngineExecutionContext;)V+15
j  org.junit.platform.engine.support.hierarchical.NodeTestTask$$Lambda$208.invoke(Lorg/junit/platform/engine/support/hierarchical/EngineExecutionContext;)V+5
j  org.junit.platform.engine.support.hierarchical.Node.around(Lorg/junit/platform/engine/support/hierarchical/EngineExecutionContext;Lorg/junit/platform/engine/support/hierarchical/Node$Invocation;)V+2
j  org.junit.platform.engine.support.hierarchical.NodeTestTask.lambda$executeRecursively$8()V+14
j  org.junit.platform.engine.support.hierarchical.NodeTestTask$$Lambda$207.execute()V+4
j  org.junit.platform.engine.support.hierarchical.ThrowableCollector.execute(Lorg/junit/platform/engine/support/hierarchical/ThrowableCollector$Executable;)V+1
j  org.junit.platform.engine.support.hierarchical.NodeTestTask.executeRecursively()V+31
j  org.junit.platform.engine.support.hierarchical.NodeTestTask.execute()V+55
j  org.junit.platform.engine.support.hierarchical.SameThreadHierarchicalTestExecutorService.submit(Lorg/junit/platform/engine/support/hierarchical/HierarchicalTestExecutorService$TestTask;)Ljava/util/concurrent/Future;+1
j  org.junit.platform.engine.support.hierarchical.HierarchicalTestExecutor.execute()Ljava/util/concurrent/Future;+74
j  org.junit.platform.engine.support.hierarchical.HierarchicalTestEngine.execute(Lorg/junit/platform/engine/ExecutionRequest;)V+31
j  org.junit.platform.launcher.core.EngineExecutionOrchestrator.execute(Lorg/junit/platform/engine/TestDescriptor;Lorg/junit/platform/engine/EngineExecutionListener;Lorg/junit/platform/engine/ConfigurationParameters;Lorg/junit/platform/engine/TestEngine;)V+24
j  org.junit.platform.launcher.core.EngineExecutionOrchestrator.execute(Lorg/junit/platform/launcher/core/LauncherDiscoveryResult;Lorg/junit/platform/engine/EngineExecutionListener;)V+86
j  org.junit.platform.launcher.core.EngineExecutionOrchestrator.lambda$execute$0(Lorg/junit/platform/launcher/core/InternalTestPlan;Lorg/junit/platform/launcher/core/LauncherDiscoveryResult;Lorg/junit/platform/launcher/TestExecutionListener;)V+18
j  org.junit.platform.launcher.core.EngineExecutionOrchestrator$$Lambda$167.accept(Ljava/lang/Object;)V+16
j  org.junit.platform.launcher.core.EngineExecutionOrchestrator.withInterceptedStreams(Lorg/junit/platform/engine/ConfigurationParameters;Lorg/junit/platform/launcher/core/TestExecutionListenerRegistry;Ljava/util/function/Consumer;)V+43
j  org.junit.platform.launcher.core.EngineExecutionOrchestrator.execute(Lorg/junit/platform/launcher/core/InternalTestPlan;[Lorg/junit/platform/launcher/TestExecutionListener;)V+35
j  org.junit.platform.launcher.core.DefaultLauncher.execute(Lorg/junit/platform/launcher/core/InternalTestPlan;[Lorg/junit/platform/launcher/TestExecutionListener;)V+6
j  org.junit.platform.launcher.core.DefaultLauncher.execute(Lorg/junit/platform/launcher/LauncherDiscoveryRequest;[Lorg/junit/platform/launcher/TestExecutionListener;)V+33
j  com.intellij.junit5.JUnit5IdeaTestRunner.startRunnerWithArgs([Ljava/lang/String;Ljava/lang/String;IZ)I+240
j  com.intellij.rt.execution.junit.IdeaTestRunner$Repeater.startRunnerWithArgs(Lcom/intellij/rt/execution/junit/IdeaTestRunner;[Ljava/lang/String;Ljava/util/ArrayList;Ljava/lang/String;IZ)I+22
j  com.intellij.rt.execution.junit.JUnitStarter.prepareStreamsAndStart([Ljava/lang/String;Ljava/lang/String;Ljava/util/ArrayList;Ljava/lang/String;)I+116
j  com.intellij.rt.execution.junit.JUnitStarter.main([Ljava/lang/String;)V+116
v  ~StubRoutines::call_stub

---------------  P R O C E S S  ---------------

Java Threads: ( => current thread )
  0x000000002ed4c000 JavaThread "Image Fetcher 0" daemon [_thread_blocked, id=18412, stack(0x0000000037d40000,0x0000000037e40000)]
  0x00000000343f6800 JavaThread "AWT-Windows" daemon [_thread_in_native, id=13840, stack(0x0000000036a20000,0x0000000036b20000)]
  0x00000000340be800 JavaThread "AWT-Shutdown" [_thread_blocked, id=23008, stack(0x0000000036920000,0x0000000036a20000)]
  0x0000000036ec6800 JavaThread "Java2D Disposer" daemon [_thread_blocked, id=21952, stack(0x0000000036820000,0x0000000036920000)]
  0x0000000031f92800 JavaThread "CacheCleanUpThread" daemon [_thread_blocked, id=25104, stack(0x0000000032110000,0x0000000032210000)]
  0x000000002d959800 JavaThread "traceMsgQueueThread" daemon [_thread_blocked, id=8132, stack(0x0000000030fd0000,0x00000000310d0000)]
  0x000000003274c800 JavaThread "CacheMemoryCleanUpThread" daemon [_thread_blocked, id=11848, stack(0x0000000030ed0000,0x0000000030fd0000)]
  0x0000000034055000 JavaThread "MemoryCache-DelayedCleanup" daemon [_thread_blocked, id=5328, stack(0x0000000030dd0000,0x0000000030ed0000)]
  0x000000002877d800 JavaThread "Service Thread" daemon [_thread_blocked, id=24776, stack(0x000000002afc0000,0x000000002b0c0000)]
  0x00000000286e5000 JavaThread "C1 CompilerThread11" daemon [_thread_blocked, id=13696, stack(0x000000002aec0000,0x000000002afc0000)]
  0x00000000286e0000 JavaThread "C1 CompilerThread10" daemon [_thread_blocked, id=25580, stack(0x000000002adc0000,0x000000002aec0000)]
  0x00000000286e1800 JavaThread "C1 CompilerThread9" daemon [_thread_blocked, id=7852, stack(0x000000002acc0000,0x000000002adc0000)]
  0x00000000286e4800 JavaThread "C1 CompilerThread8" daemon [_thread_blocked, id=12392, stack(0x000000002aac0000,0x000000002abc0000)]
  0x00000000286e2000 JavaThread "C2 CompilerThread7" daemon [_thread_blocked, id=18692, stack(0x000000002a9c0000,0x000000002aac0000)]
  0x00000000286d4000 JavaThread "C2 CompilerThread6" daemon [_thread_in_native, id=9728, stack(0x000000002a8c0000,0x000000002a9c0000)]
  0x00000000286ab800 JavaThread "C2 CompilerThread5" daemon [_thread_blocked, id=18088, stack(0x000000002a7c0000,0x000000002a8c0000)]
  0x00000000286a2800 JavaThread "C2 CompilerThread4" daemon [_thread_blocked, id=20720, stack(0x000000002a6c0000,0x000000002a7c0000)]
  0x0000000028696000 JavaThread "C2 CompilerThread3" daemon [_thread_blocked, id=16760, stack(0x000000002a5c0000,0x000000002a6c0000)]
  0x000000002868b000 JavaThread "C2 CompilerThread2" daemon [_thread_blocked, id=14852, stack(0x000000002a4c0000,0x000000002a5c0000)]
  0x0000000028685800 JavaThread "C2 CompilerThread1" daemon [_thread_blocked, id=21108, stack(0x000000002a3c0000,0x000000002a4c0000)]
  0x0000000028683000 JavaThread "C2 CompilerThread0" daemon [_thread_in_native, id=22900, stack(0x000000002a2c0000,0x000000002a3c0000)]
  0x0000000028681000 JavaThread "Monitor Ctrl-Break" daemon [_thread_in_native, id=17208, stack(0x000000002a1c0000,0x000000002a2c0000)]
  0x0000000028667800 JavaThread "Attach Listener" daemon [_thread_blocked, id=20028, stack(0x000000002a0b0000,0x000000002a1b0000)]
  0x000000002860e800 JavaThread "Signal Dispatcher" daemon [_thread_blocked, id=9292, stack(0x0000000029fb0000,0x000000002a0b0000)]
  0x0000000026b8a800 JavaThread "Finalizer" daemon [_thread_blocked, id=20016, stack(0x0000000029e40000,0x0000000029f40000)]
  0x0000000026b81000 JavaThread "Reference Handler" daemon [_thread_blocked, id=16136, stack(0x0000000029d40000,0x0000000029e40000)]
=>0x0000000003527000 JavaThread "main" [_thread_in_vm, id=10540, stack(0x00000000033f0000,0x00000000034f0000)]

Other Threads:
  0x00000000285c5000 VMThread [stack: 0x0000000029c40000,0x0000000029d40000] [id=17176]
  0x0000000028686800 WatcherThread [stack: 0x000000002b0c0000,0x000000002b1c0000] [id=25032]

VM state:not at safepoint (normal execution)

VM Mutex/Monitor currently owned by a thread: None

Heap:
 PSYoungGen      total 240640K, used 44407K [0x0000000716a00000, 0x000000072f280000, 0x00000007c0000000)
  eden space 219136K, 20% used [0x0000000716a00000,0x000000071955dea0,0x0000000724000000)
  from space 21504K, 0% used [0x0000000724000000,0x0000000724000000,0x0000000725500000)
  to   space 16384K, 0% used [0x000000072e280000,0x000000072e280000,0x000000072f280000)
 ParOldGen       total 235008K, used 16729K [0x00000005c3e00000, 0x00000005d2380000, 0x0000000716a00000)
  object space 235008K, 7% used [0x00000005c3e00000,0x00000005c4e56550,0x00000005d2380000)
 Metaspace       used 39478K, capacity 42252K, committed 42624K, reserved 1085440K
  class space    used 5418K, capacity 5913K, committed 6016K, reserved 1048576K

Card table byte_map: [0x0000000012b60000,0x0000000013b50000] byte_map_base: 0x000000000fd41000

Marking Bits: (ParMarkBitMap*) 0x000000005b7b3e30
 Begin Bits: [0x00000000152f0000, 0x000000001d1f8000)
 End Bits:   [0x000000001d1f8000, 0x0000000025100000)

Polling page: 0x00000000011d0000

CodeCache: size=245760Kb used=17941Kb max_used=17965Kb free=227818Kb
 bounds [0x00000000037a0000, 0x0000000004940000, 0x00000000127a0000]
 total_blobs=4621 nmethods=4081 adapters=449
 compilation: enabled

Compilation events (10 events):
Event: 2.511 Thread 0x00000000286e5000 4094   !   3       javax.swing.UIDefaults::getFromHashtable (239 bytes)
Event: 2.512 Thread 0x00000000286e5000 nmethod 4094 0x0000000004927b50 code [0x0000000004927e00, 0x0000000004929668]
Event: 2.512 Thread 0x00000000286e5000 4096       1       java.util.ResourceBundle$CacheKey::hashCode (5 bytes)
Event: 2.512 Thread 0x00000000286e5000 nmethod 4096 0x00000000048fc450 code [0x00000000048fc5a0, 0x00000000048fc6b0]
Event: 2.512 Thread 0x0000000028685800 nmethod 4092 0x00000000048d6250 code [0x00000000048d63a0, 0x00000000048d6ab8]
Event: 2.512 Thread 0x00000000286e2000 nmethod 4071 0x000000000492d050 code [0x000000000492d3e0, 0x0000000004930ea8]
Event: 2.512 Thread 0x0000000028696000 nmethod 4095 0x0000000004929e50 code [0x0000000004929fa0, 0x000000000492a178]
Event: 2.523 Thread 0x0000000028683000 4097       4       sun.misc.URLClassPath::getResource (83 bytes)
Event: 2.523 Thread 0x00000000286e0000 4098       3       javax.swing.UIDefaults::get (21 bytes)
Event: 2.524 Thread 0x00000000286e0000 nmethod 4098 0x000000000492cbd0 code [0x000000000492cd40, 0x000000000492cf78]

GC Heap History (10 events):
Event: 0.914 GC heap before
{Heap before GC invocations=3 (full 1):
 PSYoungGen      total 152576K, used 5955K [0x0000000716a00000, 0x0000000729400000, 0x00000007c0000000)
  eden space 131072K, 0% used [0x0000000716a00000,0x0000000716a00000,0x000000071ea00000)
  from space 21504K, 27% used [0x000000071ff00000,0x00000007204d0ed0,0x0000000721400000)
  to   space 21504K, 0% used [0x000000071ea00000,0x000000071ea00000,0x000000071ff00000)
 ParOldGen       total 348160K, used 32K [0x00000005c3e00000, 0x00000005d9200000, 0x0000000716a00000)
  object space 348160K, 0% used [0x00000005c3e00000,0x00000005c3e08000,0x00000005d9200000)
 Metaspace       used 19693K, capacity 21156K, committed 21296K, reserved 1067008K
  class space    used 2557K, capacity 2862K, committed 2944K, reserved 1048576K
Event: 0.929 GC heap after
Heap after GC invocations=3 (full 1):
 PSYoungGen      total 152576K, used 0K [0x0000000716a00000, 0x0000000729400000, 0x00000007c0000000)
  eden space 131072K, 0% used [0x0000000716a00000,0x0000000716a00000,0x000000071ea00000)
  from space 21504K, 0% used [0x000000071ff00000,0x000000071ff00000,0x0000000721400000)
  to   space 21504K, 0% used [0x000000071ea00000,0x000000071ea00000,0x000000071ff00000)
 ParOldGen       total 166912K, used 5681K [0x00000005c3e00000, 0x00000005ce100000, 0x0000000716a00000)
  object space 166912K, 3% used [0x00000005c3e00000,0x00000005c438c7a0,0x00000005ce100000)
 Metaspace       used 19693K, capacity 21156K, committed 21296K, reserved 1067008K
  class space    used 2557K, capacity 2862K, committed 2944K, reserved 1048576K
}
Event: 1.462 GC heap before
{Heap before GC invocations=4 (full 1):
 PSYoungGen      total 152576K, used 131072K [0x0000000716a00000, 0x0000000729400000, 0x00000007c0000000)
  eden space 131072K, 100% used [0x0000000716a00000,0x000000071ea00000,0x000000071ea00000)
  from space 21504K, 0% used [0x000000071ff00000,0x000000071ff00000,0x0000000721400000)
  to   space 21504K, 0% used [0x000000071ea00000,0x000000071ea00000,0x000000071ff00000)
 ParOldGen       total 166912K, used 5681K [0x00000005c3e00000, 0x00000005ce100000, 0x0000000716a00000)
  object space 166912K, 3% used [0x00000005c3e00000,0x00000005c438c7a0,0x00000005ce100000)
 Metaspace       used 27627K, capacity 29688K, committed 29952K, reserved 1075200K
  class space    used 3637K, capacity 4018K, committed 4096K, reserved 1048576K
Event: 1.465 GC heap after
Heap after GC invocations=4 (full 1):
 PSYoungGen      total 152576K, used 11270K [0x0000000716a00000, 0x0000000726f00000, 0x00000007c0000000)
  eden space 131072K, 0% used [0x0000000716a00000,0x0000000716a00000,0x000000071ea00000)
  from space 21504K, 52% used [0x000000071ea00000,0x000000071f501800,0x000000071ff00000)
  to   space 21504K, 0% used [0x0000000725a00000,0x0000000725a00000,0x0000000726f00000)
 ParOldGen       total 166912K, used 5689K [0x00000005c3e00000, 0x00000005ce100000, 0x0000000716a00000)
  object space 166912K, 3% used [0x00000005c3e00000,0x00000005c438e7a0,0x00000005ce100000)
 Metaspace       used 27627K, capacity 29688K, committed 29952K, reserved 1075200K
  class space    used 3637K, capacity 4018K, committed 4096K, reserved 1048576K
}
Event: 2.022 GC heap before
{Heap before GC invocations=5 (full 1):
 PSYoungGen      total 152576K, used 142342K [0x0000000716a00000, 0x0000000726f00000, 0x00000007c0000000)
  eden space 131072K, 100% used [0x0000000716a00000,0x000000071ea00000,0x000000071ea00000)
  from space 21504K, 52% used [0x000000071ea00000,0x000000071f501800,0x000000071ff00000)
  to   space 21504K, 0% used [0x0000000725a00000,0x0000000725a00000,0x0000000726f00000)
 ParOldGen       total 166912K, used 5689K [0x00000005c3e00000, 0x00000005ce100000, 0x0000000716a00000)
  object space 166912K, 3% used [0x00000005c3e00000,0x00000005c438e7a0,0x00000005ce100000)
 Metaspace       used 31839K, capacity 34588K, committed 34688K, reserved 1079296K
  class space    used 4208K, capacity 4682K, committed 4736K, reserved 1048576K
Event: 2.029 GC heap after
Heap after GC invocations=5 (full 1):
 PSYoungGen      total 235520K, used 12965K [0x0000000716a00000, 0x0000000726a00000, 0x00000007c0000000)
  eden space 219136K, 0% used [0x0000000716a00000,0x0000000716a00000,0x0000000724000000)
  from space 16384K, 79% used [0x0000000725a00000,0x00000007266a96d8,0x0000000726a00000)
  to   space 21504K, 0% used [0x0000000724000000,0x0000000724000000,0x0000000725500000)
 ParOldGen       total 166912K, used 5697K [0x00000005c3e00000, 0x00000005ce100000, 0x0000000716a00000)
  object space 166912K, 3% used [0x00000005c3e00000,0x00000005c43907a0,0x00000005ce100000)
 Metaspace       used 31839K, capacity 34588K, committed 34688K, reserved 1079296K
  class space    used 4208K, capacity 4682K, committed 4736K, reserved 1048576K
}
Event: 2.132 GC heap before
{Heap before GC invocations=6 (full 1):
 PSYoungGen      total 235520K, used 47792K [0x0000000716a00000, 0x0000000726a00000, 0x00000007c0000000)
  eden space 219136K, 15% used [0x0000000716a00000,0x0000000718c02948,0x0000000724000000)
  from space 16384K, 79% used [0x0000000725a00000,0x00000007266a96d8,0x0000000726a00000)
  to   space 21504K, 0% used [0x0000000724000000,0x0000000724000000,0x0000000725500000)
 ParOldGen       total 166912K, used 5697K [0x00000005c3e00000, 0x00000005ce100000, 0x0000000716a00000)
  object space 166912K, 3% used [0x00000005c3e00000,0x00000005c43907a0,0x00000005ce100000)
 Metaspace       used 32680K, capacity 35426K, committed 35496K, reserved 1079296K
  class space    used 4321K, capacity 4811K, committed 4864K, reserved 1048576K
Event: 2.137 GC heap after
Heap after GC invocations=6 (full 1):
 PSYoungGen      total 240640K, used 12180K [0x0000000716a00000, 0x000000072f280000, 0x00000007c0000000)
  eden space 219136K, 0% used [0x0000000716a00000,0x0000000716a00000,0x0000000724000000)
  from space 21504K, 56% used [0x0000000724000000,0x0000000724be5050,0x0000000725500000)
  to   space 16384K, 0% used [0x000000072e280000,0x000000072e280000,0x000000072f280000)
 ParOldGen       total 166912K, used 5705K [0x00000005c3e00000, 0x00000005ce100000, 0x0000000716a00000)
  object space 166912K, 3% used [0x00000005c3e00000,0x00000005c43927a0,0x00000005ce100000)
 Metaspace       used 32680K, capacity 35426K, committed 35496K, reserved 1079296K
  class space    used 4321K, capacity 4811K, committed 4864K, reserved 1048576K
}
Event: 2.137 GC heap before
{Heap before GC invocations=7 (full 2):
 PSYoungGen      total 240640K, used 12180K [0x0000000716a00000, 0x000000072f280000, 0x00000007c0000000)
  eden space 219136K, 0% used [0x0000000716a00000,0x0000000716a00000,0x0000000724000000)
  from space 21504K, 56% used [0x0000000724000000,0x0000000724be5050,0x0000000725500000)
  to   space 16384K, 0% used [0x000000072e280000,0x000000072e280000,0x000000072f280000)
 ParOldGen       total 166912K, used 5705K [0x00000005c3e00000, 0x00000005ce100000, 0x0000000716a00000)
  object space 166912K, 3% used [0x00000005c3e00000,0x00000005c43927a0,0x00000005ce100000)
 Metaspace       used 32680K, capacity 35426K, committed 35496K, reserved 1079296K
  class space    used 4321K, capacity 4811K, committed 4864K, reserved 1048576K
Event: 2.163 GC heap after
Heap after GC invocations=7 (full 2):
 PSYoungGen      total 240640K, used 0K [0x0000000716a00000, 0x000000072f280000, 0x00000007c0000000)
  eden space 219136K, 0% used [0x0000000716a00000,0x0000000716a00000,0x0000000724000000)
  from space 21504K, 0% used [0x0000000724000000,0x0000000724000000,0x0000000725500000)
  to   space 16384K, 0% used [0x000000072e280000,0x000000072e280000,0x000000072f280000)
 ParOldGen       total 235008K, used 16729K [0x00000005c3e00000, 0x00000005d2380000, 0x0000000716a00000)
  object space 235008K, 7% used [0x00000005c3e00000,0x00000005c4e56550,0x00000005d2380000)
 Metaspace       used 32680K, capacity 35426K, committed 35496K, reserved 1079296K
  class space    used 4321K, capacity 4811K, committed 4864K, reserved 1048576K
}

Deoptimization events (10 events):
Event: 2.357 Thread 0x0000000003527000 Uncommon trap: reason=unstable_if action=reinterpret pc=0x0000000004719a30 method=java.lang.Class.arrayContentsEq([Ljava/lang/Object;[Ljava/lang/Object;)Z @ 1
Event: 2.358 Thread 0x0000000003527000 Uncommon trap: reason=unstable_if action=reinterpret pc=0x000000000440c79c method=java.lang.Class.arrayContentsEq([Ljava/lang/Object;[Ljava/lang/Object;)Z @ 1
Event: 2.362 Thread 0x0000000003527000 Uncommon trap: reason=class_check action=maybe_recompile pc=0x0000000004833358 method=java.util.Hashtable.get(Ljava/lang/Object;)Ljava/lang/Object; @ 6
Event: 2.362 Thread 0x0000000003527000 Uncommon trap: reason=class_check action=maybe_recompile pc=0x0000000004833358 method=java.util.Hashtable.get(Ljava/lang/Object;)Ljava/lang/Object; @ 6
Event: 2.363 Thread 0x0000000003527000 Uncommon trap: reason=class_check action=maybe_recompile pc=0x0000000004833358 method=java.util.Hashtable.get(Ljava/lang/Object;)Ljava/lang/Object; @ 6
Event: 2.363 Thread 0x0000000003527000 Uncommon trap: reason=class_check action=maybe_recompile pc=0x0000000004833358 method=java.util.Hashtable.get(Ljava/lang/Object;)Ljava/lang/Object; @ 6
Event: 2.467 Thread 0x0000000003527000 Uncommon trap: reason=unstable_if action=reinterpret pc=0x00000000048c0d28 method=java.lang.Character.isSurrogate(C)Z @ 3
Event: 2.467 Thread 0x0000000003527000 Uncommon trap: reason=unstable_if action=reinterpret pc=0x000000000484c4b0 method=java.lang.Character.isSurrogate(C)Z @ 3
Event: 2.467 Thread 0x0000000003527000 Uncommon trap: reason=unstable_if action=reinterpret pc=0x000000000439a990 method=java.lang.String.toLowerCase(Ljava/util/Locale;)Ljava/lang/String; @ 37
Event: 2.467 Thread 0x0000000003527000 Uncommon trap: reason=uninitialized action=reinterpret pc=0x0000000003f60284 method=java.lang.CharacterData.of(I)Ljava/lang/CharacterData; @ 96

Classes redefined (0 events):
No events

Internal exceptions (10 events):
Event: 2.358 Thread 0x0000000003527000 Implicit null exception at 0x000000000440c4f9 to 0x000000000440c771
Event: 2.361 Thread 0x0000000003527000 Exception <a 'java/io/FileNotFoundException'> (0x0000000717f80c80) thrown at [C:\re\workspace\8-2-build-windows-amd64-cygwin\jdk8u191\11896\hotspot\src\share\vm\prims\jni.cpp, line 709]
Event: 2.368 Thread 0x0000000003527000 Exception <a 'java/io/FileNotFoundException'> (0x0000000717fce378) thrown at [C:\re\workspace\8-2-build-windows-amd64-cygwin\jdk8u191\11896\hotspot\src\share\vm\prims\jni.cpp, line 709]
Event: 2.368 Thread 0x0000000003527000 Exception <a 'java/lang/NullPointerException'> (0x0000000717fcef68) thrown at [C:\re\workspace\8-2-build-windows-amd64-cygwin\jdk8u191\11896\hotspot\src\share\vm\interpreter\linkResolver.cpp, line 1185]
Event: 2.389 Thread 0x0000000003527000 Exception <a 'java/io/FileNotFoundException'> (0x00000007180cd868) thrown at [C:\re\workspace\8-2-build-windows-amd64-cygwin\jdk8u191\11896\hotspot\src\share\vm\prims\jni.cpp, line 709]
Event: 2.392 Thread 0x0000000003527000 Exception <a 'java/io/FileNotFoundException'> (0x00000007180f5c20) thrown at [C:\re\workspace\8-2-build-windows-amd64-cygwin\jdk8u191\11896\hotspot\src\share\vm\prims\jni.cpp, line 709]
Event: 2.393 Thread 0x0000000003527000 Exception <a 'java/io/FileNotFoundException'> (0x00000007180f9358) thrown at [C:\re\workspace\8-2-build-windows-amd64-cygwin\jdk8u191\11896\hotspot\src\share\vm\prims\jni.cpp, line 709]
Event: 2.399 Thread 0x0000000003527000 Exception <a 'java/io/FileNotFoundException'> (0x00000007181634a0) thrown at [C:\re\workspace\8-2-build-windows-amd64-cygwin\jdk8u191\11896\hotspot\src\share\vm\prims\jni.cpp, line 709]
Event: 2.401 Thread 0x0000000003527000 Exception <a 'java/io/FileNotFoundException'> (0x000000071818d3c8) thrown at [C:\re\workspace\8-2-build-windows-amd64-cygwin\jdk8u191\11896\hotspot\src\share\vm\prims\jni.cpp, line 709]
Event: 2.402 Thread 0x0000000003527000 Exception <a 'java/io/FileNotFoundException'> (0x0000000718190ae0) thrown at [C:\re\workspace\8-2-build-windows-amd64-cygwin\jdk8u191\11896\hotspot\src\share\vm\prims\jni.cpp, line 709]

Events (10 events):
Event: 2.518 loading class com/sun/deploy/resources/Deployment_zh_CN
Event: 2.518 loading class com/sun/deploy/resources/Deployment_zh_CN done
Event: 2.522 loading class com/sun/deploy/resources/Deployment_zh_Hans
Event: 2.522 loading class com/sun/deploy/resources/Deployment_zh_Hans done
Event: 2.523 loading class com/sun/deploy/resources/Deployment_zh_Hans_CN
Event: 2.523 loading class com/sun/deploy/resources/Deployment_zh_Hans_CN done
Event: 2.523 loading class com/sun/java/swing/plaf/windows/WindowsButtonUI
Event: 2.523 loading class com/sun/java/swing/plaf/windows/WindowsButtonUI done
Event: 2.524 loading class com/sun/java/swing/plaf/windows/TMSchema$TypeEnum
Event: 2.524 loading class com/sun/java/swing/plaf/windows/TMSchema$TypeEnum done


Dynamic libraries:
0x00007ff72bd10000 - 0x00007ff72bd47000 	C:\Program Files\Java\jdk1.8.0_191\bin\java.exe
0x00007ffdc5f60000 - 0x00007ffdc6150000 	C:\Windows\SYSTEM32\ntdll.dll
0x00007ffdc4e80000 - 0x00007ffdc4f32000 	C:\Windows\System32\KERNEL32.DLL
0x00007ffdc3d30000 - 0x00007ffdc3fd5000 	C:\Windows\System32\KERNELBASE.dll
0x00007ffdc56d0000 - 0x00007ffdc5773000 	C:\Windows\System32\ADVAPI32.dll
0x00007ffdc5a60000 - 0x00007ffdc5afe000 	C:\Windows\System32\msvcrt.dll
0x00007ffdc5b00000 - 0x00007ffdc5b97000 	C:\Windows\System32\sechost.dll
0x00007ffdc4070000 - 0x00007ffdc4190000 	C:\Windows\System32\RPCRT4.dll
0x00007ffdc4ce0000 - 0x00007ffdc4e74000 	C:\Windows\System32\USER32.dll
0x00007ffdc3fe0000 - 0x00007ffdc4001000 	C:\Windows\System32\win32u.dll
0x00007ffdc4270000 - 0x00007ffdc4296000 	C:\Windows\System32\GDI32.dll
0x00007ffdc2ed0000 - 0x00007ffdc3066000 	C:\Windows\System32\gdi32full.dll
0x00007ffdc3200000 - 0x00007ffdc329e000 	C:\Windows\System32\msvcp_win.dll
0x00007ffdc32a0000 - 0x00007ffdc339a000 	C:\Windows\System32\ucrtbase.dll
0x00007ffdb8c90000 - 0x00007ffdb8f14000 	C:\Windows\WinSxS\amd64_microsoft.windows.common-controls_6595b64144ccf1df_6.0.18362.1256_none_9e7e379be45e40e2\COMCTL32.dll
0x00007ffdc49a0000 - 0x00007ffdc4cd6000 	C:\Windows\System32\combase.dll
0x00007ffdc3120000 - 0x00007ffdc31a1000 	C:\Windows\System32\bcryptPrimitives.dll
0x00007ffdc4190000 - 0x00007ffdc41be000 	C:\Windows\System32\IMM32.DLL
0x000000005c1d0000 - 0x000000005c2a2000 	C:\Program Files\Java\jdk1.8.0_191\jre\bin\msvcr100.dll
0x000000005af90000 - 0x000000005b834000 	C:\Program Files\Java\jdk1.8.0_191\jre\bin\server\jvm.dll
0x00007ffdc4f60000 - 0x00007ffdc4f68000 	C:\Windows\System32\PSAPI.DLL
0x00007ffdc0b00000 - 0x00007ffdc0b24000 	C:\Windows\SYSTEM32\WINMM.dll
0x00007ffdb5fb0000 - 0x00007ffdb5fb9000 	C:\Windows\SYSTEM32\WSOCK32.dll
0x00007ffdbd290000 - 0x00007ffdbd29a000 	C:\Windows\SYSTEM32\VERSION.dll
0x00007ffdc59f0000 - 0x00007ffdc5a5f000 	C:\Windows\System32\WS2_32.dll
0x00007ffdc09d0000 - 0x00007ffdc09fd000 	C:\Windows\SYSTEM32\WINMMBASE.dll
0x00007ffdc31b0000 - 0x00007ffdc31fa000 	C:\Windows\System32\cfgmgr32.dll
0x000000005c1c0000 - 0x000000005c1cf000 	C:\Program Files\Java\jdk1.8.0_191\jre\bin\verify.dll
0x000000005c190000 - 0x000000005c1b9000 	C:\Program Files\Java\jdk1.8.0_191\jre\bin\java.dll
0x000000005ae80000 - 0x000000005aea3000 	C:\Program Files\Java\jdk1.8.0_191\jre\bin\instrument.dll
0x000000005c170000 - 0x000000005c186000 	C:\Program Files\Java\jdk1.8.0_191\jre\bin\zip.dll
0x00007ffdc42a0000 - 0x00007ffdc4987000 	C:\Windows\System32\SHELL32.dll
0x00007ffdc5780000 - 0x00007ffdc5829000 	C:\Windows\System32\shcore.dll
0x00007ffdc3580000 - 0x00007ffdc3d01000 	C:\Windows\System32\windows.storage.dll
0x00007ffdc2e80000 - 0x00007ffdc2ea3000 	C:\Windows\System32\profapi.dll
0x00007ffdc2e30000 - 0x00007ffdc2e7a000 	C:\Windows\System32\powrprof.dll
0x00007ffdc2e00000 - 0x00007ffdc2e10000 	C:\Windows\System32\UMPDC.dll
0x00007ffdc53f0000 - 0x00007ffdc5442000 	C:\Windows\System32\shlwapi.dll
0x00007ffdc2eb0000 - 0x00007ffdc2ec1000 	C:\Windows\System32\kernel.appcore.dll
0x00007ffdc3d10000 - 0x00007ffdc3d27000 	C:\Windows\System32\cryptsp.dll
0x00007ffdba810000 - 0x00007ffdba82a000 	D:\AppSetup\IntelliJ IDEA 2018.2.4\bin\breakgen64.dll
0x000000005ae60000 - 0x000000005ae7a000 	C:\Program Files\Java\jdk1.8.0_191\jre\bin\net.dll
0x00007ffdc25f0000 - 0x00007ffdc2657000 	C:\Windows\system32\mswsock.dll
0x000000005ae30000 - 0x000000005ae3d000 	C:\Program Files\Java\jdk1.8.0_191\jre\bin\management.dll
0x00007ffdb57a0000 - 0x00007ffdb57b6000 	C:\Windows\system32\napinsp.dll
0x00007ffdb0730000 - 0x00007ffdb074a000 	C:\Windows\system32\pnrpnsp.dll
0x00007ffdc2340000 - 0x00007ffdc240b000 	C:\Windows\SYSTEM32\DNSAPI.dll
0x00007ffdc4990000 - 0x00007ffdc4998000 	C:\Windows\System32\NSI.dll
0x00007ffdc2300000 - 0x00007ffdc233a000 	C:\Windows\SYSTEM32\IPHLPAPI.DLL
0x00007ffdb5790000 - 0x00007ffdb579e000 	C:\Windows\System32\winrnr.dll
0x00007ffdbf190000 - 0x00007ffdbf1ac000 	C:\Windows\system32\NLAapi.dll
0x00007ffdbe690000 - 0x00007ffdbe6a5000 	C:\Windows\system32\wshbth.dll
0x00007ffdb8940000 - 0x00007ffdb894a000 	C:\Windows\System32\rasadhlp.dll
0x00007ffdbb8b0000 - 0x00007ffdbb927000 	C:\Windows\System32\fwpuclnt.dll
0x00007ffdc33a0000 - 0x00007ffdc33c6000 	C:\Windows\System32\bcrypt.dll
0x000000005ae40000 - 0x000000005ae51000 	C:\Program Files\Java\jdk1.8.0_191\jre\bin\nio.dll
0x000000005ad90000 - 0x000000005ae26000 	C:\Program Files\Java\jdk1.8.0_191\jre\bin\deploy.dll
0x00007ffdc4f40000 - 0x00007ffdc4f5d000 	C:\Windows\System32\imagehlp.dll
0x00007ffdc5d40000 - 0x00007ffdc5e97000 	C:\Windows\System32\ole32.dll
0x00007ffdb76c0000 - 0x00007ffdb7b95000 	C:\Windows\SYSTEM32\WININET.dll
0x00007ffdc58a0000 - 0x00007ffdc5965000 	C:\Windows\System32\OLEAUT32.dll
0x00007ffdb6270000 - 0x00007ffdb6446000 	C:\Windows\SYSTEM32\urlmon.dll
0x00007ffdb2310000 - 0x00007ffdb25b7000 	C:\Windows\SYSTEM32\iertutil.dll
0x00007ffdc27c0000 - 0x00007ffdc27cc000 	C:\Windows\SYSTEM32\CRYPTBASE.DLL
0x00007ffdc1e40000 - 0x00007ffdc1e71000 	C:\Windows\SYSTEM32\ntmarta.dll
0x000000005abf0000 - 0x000000005ad89000 	C:\Program Files\Java\jdk1.8.0_191\jre\bin\awt.dll
0x00007ffdc0c30000 - 0x00007ffdc0cbf000 	C:\Windows\SYSTEM32\apphelp.dll
0x00007ffdc0e10000 - 0x00007ffdc0ea9000 	C:\Windows\system32\uxtheme.dll
0x00007ffdc5c00000 - 0x00007ffdc5d35000 	C:\Windows\System32\MSCTF.dll
0x00007ffdc1420000 - 0x00007ffdc144d000 	C:\Windows\system32\DWMAPI.DLL
0x000000005aba0000 - 0x000000005abe7000 	C:\Program Files\Java\jdk1.8.0_191\jre\bin\fontmanager.dll
0x00007ffdb5850000 - 0x00007ffdb58f9000 	C:\Windows\WinSxS\amd64_microsoft.windows.common-controls_6595b64144ccf1df_5.82.18362.1256_none_73b4ccbed8148ea3\comctl32.dll
0x00007ffdb0780000 - 0x00007ffdb0974000 	C:\Windows\SYSTEM32\dbghelp.dll

VM Arguments:
jvm_args: -ea -Didea.test.cyclic.buffer.size=1048576 -javaagent:D:\AppSetup\IntelliJ IDEA 2018.2.4\lib\idea_rt.jar=7066:D:\AppSetup\IntelliJ IDEA 2018.2.4\bin -Dfile.encoding=UTF-8 
java_command: com.intellij.rt.execution.junit.JUnitStarter -ideVersion5 -junit5 com.example.demo.DemoApplicationTests
java_class_path (initial): D:\AppSetup\IntelliJ IDEA 2018.2.4\lib\idea_rt.jar;D:\AppSetup\IntelliJ IDEA 2018.2.4\plugins\junit\lib\junit-rt.jar;D:\AppSetup\IntelliJ IDEA 2018.2.4\plugins\junit\lib\junit5-rt.jar;C:\Users\Pony\.m2\repository\org\junit\platform\junit-platform-launcher\1.7.0\junit-platform-launcher-1.7.0.jar;C:\Users\Pony\.m2\repository\org\apiguardian\apiguardian-api\1.1.0\apiguardian-api-1.1.0.jar;C:\Users\Pony\.m2\repository\org\junit\platform\junit-platform-engine\1.7.0\junit-platform-engine-1.7.0.jar;C:\Users\Pony\.m2\repository\org\opentest4j\opentest4j\1.2.0\opentest4j-1.2.0.jar;C:\Users\Pony\.m2\repository\org\junit\platform\junit-platform-commons\1.7.0\junit-platform-commons-1.7.0.jar;C:\Users\Pony\.m2\repository\org\junit\vintage\junit-vintage-engine\5.7.0\junit-vintage-engine-5.7.0.jar;C:\Users\Pony\.m2\repository\junit\junit\4.13\junit-4.13.jar;C:\Users\Pony\.m2\repository\org\hamcrest\hamcrest-core\1.3\hamcrest-core-1.3.jar;C:\Program Files\Java\jdk1.8.0_191\jre\lib\charsets.jar;C:\Program Files\Java\jdk1.8.0_191\jre\lib\deploy.jar;C:\Program Files\Java\jdk1.8.0_191\jre\lib\ext\access-bridge-64.jar;C:\Program Files\Java\jdk1.8.0_191\jre\lib\ext\cldrdata.jar;C:\Program Files\Java\jdk1.8.0_191\jre\lib\ext\dnsns.jar;C:\Program Files\Java\jdk1.8.0_191\jre\lib\ext\jaccess.jar;C:\Program Files\Java\jdk1.8.0_191\jre\lib\ext\jfxrt.jar;C:\Program Files\Java\jdk1.8.0_191\jre\lib\ext\localedata.jar;C:\Program Files\Java\jdk1.8.0_191\jre\lib\ext\nashorn.jar;C:\Program Files\Java\jdk1.8.0_191\jre\lib\ext\sunec.jar;C:\Program Files\Java\jdk1.8.0_191\jre\lib\ext\sunjce_provider.jar;C:\Program Files\Java\jdk1.8.0_191\jre\lib\ext\sunmscapi.jar;C:\Program Files\Java\jdk1.8.0_191\jre\lib\ext\sunpkcs11.jar;C:\Program Files\Java\jdk1.8.0_191\jre\lib\ext\zipfs.jar;C:\Program Files\Java\jdk1.8.0_191\jre\lib\javaws.jar;C:\Program Files\Java\jdk1.8.0_191\jre\lib\jce.jar;C:\Program Files\Java\jdk1.8.0_191\jre\lib\jfr.jar;C:\Program Files\Java\jdk1.8.0_191\jre\lib\
Launcher Type: SUN_STANDARD

Environment Variables:
PATH=C:\Program Files\Microsoft MPI\Bin\;C:\Program Files (x86)\Common Files\Oracle\Java\javapath;D:\AppSetup\Xftp\;C:\Program Files (x86)\Common Files\Intel\Shared Libraries\redist\intel64\mpirt;C:\Program Files (x86)\Common Files\Intel\Shared Libraries\redist\intel64\compiler;C:\Program Files (x86)\Common Files\Intel\Shared Libraries\redist\ia32\mpirt;C:\Program Files (x86)\Common Files\Intel\Shared Libraries\redist\ia32\compiler;D:\AppSetup\Xshell\;D:\AppSetup\Abaqus2020\Commands;C:\Program Files (x86)\Common Files\Intel\Shared Libraries\redist\intel64_win\mpirt;C:\Program Files (x86)\Common Files\Intel\Shared Libraries\redist\ia32_win\mpirt;C:\Program Files (x86)\Common Files\Intel\Shared Libraries\redist\intel64_win\compiler;C:\Program Files (x86)\Common Files\Intel\Shared Libraries\redist\ia32_win\compiler;C:\Windows\system32;C:\Windows;C:\Windows\System32\Wbem;C:\Windows\System32\WindowsPowerShell\v1.0\;C:\Windows\System32\OpenSSH\;C:\Program Files (x86)\Windows Kits\8.1\Windows Performance Toolkit\;C:\Program Files\Microsoft SQL Server\110\Tools\Binn\;C:\Program Files (x86)\Microsoft SDKs\TypeScript\1.0\;C:\Program Files\Microsoft SQL Server\120\Tools\Binn\;D:\AppSetup\Abaqus6.14\Product\Commands;D:\AppSetup\Matlab2016b\runtime\win64;D:\AppSetup\Matlab2016b\bin;D:\AppSetup\Matlab2016b\polyspace\bin;D:\AppSetup\Anaconda;D:\AppSetup\Anaconda\Library\mingw-w64\bin;D:\AppSetup\Anaconda\Library\usr\bin;D:\AppSetup\Anaconda\Library\bin;D:\AppSetup\Anaconda\Scripts;C:\Users\Pony\AppData\Local\Microsoft\WindowsApps;D:\AppSetup\Microsoft VS Code\bin
USERNAME=Pony
OS=Windows_NT
PROCESSOR_IDENTIFIER=Intel64 Family 6 Model 165 Stepping 5, GenuineIntel



---------------  S Y S T E M  ---------------

OS: Windows 10.0 , 64 bit Build 18362 (10.0.18362.1110)

CPU:total 16 (initial active 16) (8 cores per cpu, 2 threads per core) family 6 model 165 stepping 5, cmov, cx8, fxsr, mmx, sse, sse2, sse3, ssse3, sse4.1, sse4.2, popcnt, avx, avx2, aes, clmul, erms, 3dnowpref, lzcnt, ht, tsc, tscinvbit, bmi1, bmi2, adx

Memory: 4k page, physical 33296080k(21358000k free), swap 38276816k(22882168k free)

vm_info: Java HotSpot(TM) 64-Bit Server VM (25.191-b12) for windows-amd64 JRE (1.8.0_191-b12), built on Oct  6 2018 09:29:03 by "java_re" with MS VC++ 10.0 (VS2010)

time: Sun Dec 27 13:06:52 2020
elapsed time: 2 seconds (0d 0h 0m 2s)

